#
# A fatal error has been detected by the Java Runtime Environment:
#
#  Internal Error (./open/src/hotspot/share/interpreter/oopMapCache.cpp:111), pid=6740, tid=18972
#  Error: ShouldNotReachHere()
#
# JRE version: OpenJDK Runtime Environment (15.0.2+7) (build 15.0.2+7-27)
# Java VM: OpenJDK 64-Bit Server VM (15.0.2+7-27, mixed mode, tiered, compressed oops, g1 gc, windows-amd64)
# No core dump will be written. Minidumps are not enabled by default on client versions of Windows
#
# If you would like to submit a bug report, please visit:
#   https://bugreport.java.com/bugreport/crash.jsp
#

---------------  S U M M A R Y ------------

Command Line: -XX:+ShowCodeDetailsInExceptionMessages -agentlib:jdwp=transport=dt_socket,suspend=y,address=localhost:65496 -javaagent:C:\work\«¡∑Œ±◊∑•¿⁄∑·\eclipse\configuration\org.eclipse.osgi\412\0\.cp\lib\javaagent-shaded.jar -Dfile.encoding=MS949 mymain._016_2018_ºˆµÈ¿««’5

Host: AMD Ryzen 7 5700U with Radeon Graphics         , 16 cores, 15G,  Windows 10 , 64 bit Build 19041 (10.0.19041.1645)
Time: Fri May 13 16:02:19 2022 ¥Î«—πŒ±π «•¡ÿΩ√ elapsed time: 587.227294 seconds (0d 0h 9m 47s)

---------------  T H R E A D  ---------------

Current thread (0x000001fe6d8be9f0):  JavaThread "JDWP Transport Listener: dt_socket" daemon [_thread_in_vm, id=18972, stack(0x0000003eebe00000,0x0000003eebf00000)] _threads_hazard_ptr=0x000001fe6d86b860

Stack: [0x0000003eebe00000,0x0000003eebf00000]
Native frames: (J=compiled Java code, j=interpreted, Vv=VM code, C=native code)
V  [jvm.dll+0x62ae9a]
V  [jvm.dll+0x7817a9]
V  [jvm.dll+0x782f03]
V  [jvm.dll+0x783517]
V  [jvm.dll+0x21628c]
V  [jvm.dll+0x2161d3]
V  [jvm.dll+0x619eea]
V  [jvm.dll+0x619ba3]
V  [jvm.dll+0x5df278]
V  [jvm.dll+0x77876f]
V  [jvm.dll+0x4f02e1]
V  [jvm.dll+0x7882b5]
V  [jvm.dll+0x4d3f00]
V  [jvm.dll+0x4956db]
C  [jdwp.dll+0x8221]


---------------  P R O C E S S  ---------------

Threads class SMR info:
_java_thread_list=0x000001fe6d86b860, length=14, elements={
0x000001fe4b870fd0, 0x000001fe6ccee870, 0x000001fe6d589410, 0x000001fe6d5b89d0,
0x000001fe6d5bb2a0, 0x000001fe6d5bbc50, 0x000001fe6d5bc930, 0x000001fe6d5becb0,
0x000001fe6d5eae80, 0x000001fe6d7631d0, 0x000001fe6d8be9f0, 0x000001fe6d869300,
0x000001fe6d86d810, 0x000001fe6dab4ce0
}

Java Threads: ( => current thread )
  0x000001fe4b870fd0 JavaThread "main" [_thread_blocked, id=1312, stack(0x0000003eeab00000,0x0000003eeac00000)]
  0x000001fe6ccee870 JavaThread "Reference Handler" daemon [_thread_blocked, id=5772, stack(0x0000003eeb200000,0x0000003eeb300000)]
  0x000001fe6d589410 JavaThread "Finalizer" daemon [_thread_blocked, id=22084, stack(0x0000003eeb300000,0x0000003eeb400000)]
  0x000001fe6d5b89d0 JavaThread "Signal Dispatcher" daemon [_thread_blocked, id=20924, stack(0x0000003eeb400000,0x0000003eeb500000)]
  0x000001fe6d5bb2a0 JavaThread "Attach Listener" daemon [_thread_blocked, id=21932, stack(0x0000003eeb500000,0x0000003eeb600000)]
  0x000001fe6d5bbc50 JavaThread "Service Thread" daemon [_thread_blocked, id=8260, stack(0x0000003eeb600000,0x0000003eeb700000)]
  0x000001fe6d5bc930 JavaThread "C2 CompilerThread0" daemon [_thread_blocked, id=9920, stack(0x0000003eeb700000,0x0000003eeb800000)]
  0x000001fe6d5becb0 JavaThread "C1 CompilerThread0" daemon [_thread_blocked, id=21252, stack(0x0000003eeb800000,0x0000003eeb900000)]
  0x000001fe6d5eae80 JavaThread "Sweeper thread" daemon [_thread_blocked, id=10572, stack(0x0000003eeb900000,0x0000003eeba00000)]
  0x000001fe6d7631d0 JavaThread "Common-Cleaner" daemon [_thread_blocked, id=16224, stack(0x0000003eeba00000,0x0000003eebb00000)]
=>0x000001fe6d8be9f0 JavaThread "JDWP Transport Listener: dt_socket" daemon [_thread_in_vm, id=18972, stack(0x0000003eebe00000,0x0000003eebf00000)] _threads_hazard_ptr=0x000001fe6d86b860
  0x000001fe6d869300 JavaThread "JDWP Event Helper Thread" daemon [_thread_blocked, id=14304, stack(0x0000003eebf00000,0x0000003eec000000)]
  0x000001fe6d86d810 JavaThread "JDWP Command Reader" daemon [_thread_in_native, id=5244, stack(0x0000003eec000000,0x0000003eec100000)]
  0x000001fe6dab4ce0 JavaThread "Notification Thread" daemon [_thread_blocked, id=7244, stack(0x0000003eec100000,0x0000003eec200000)]

Other Threads:
  0x000001fe6ccecd30 VMThread "VM Thread" [stack: 0x0000003eeb100000,0x0000003eeb200000] [id=724]
  0x000001fe6dbc5100 WatcherThread [stack: 0x0000003eec200000,0x0000003eec300000] [id=12308]
  0x000001fe4b8c5460 GCTaskThread "GC Thread#0" [stack: 0x0000003eeac00000,0x0000003eead00000] [id=2508]
  0x000001fe4b8f5af0 ConcurrentGCThread "G1 Main Marker" [stack: 0x0000003eead00000,0x0000003eeae00000] [id=17352]
  0x000001fe4b8f66e0 ConcurrentGCThread "G1 Conc#0" [stack: 0x0000003eeae00000,0x0000003eeaf00000] [id=5852]
  0x000001fe4b94e150 ConcurrentGCThread "G1 Refine#0" [stack: 0x0000003eeaf00000,0x0000003eeb000000] [id=6108]
  0x000001fe6cb86100 ConcurrentGCThread "G1 Young RemSet Sampling" [stack: 0x0000003eeb000000,0x0000003eeb100000] [id=5348]

Threads with active compile tasks:

VM state: not at safepoint (normal execution)

VM Mutex/Monitor currently owned by a thread: None

Heap address: 0x000000070a200000, size: 3934 MB, Compressed Oops mode: Zero based, Oop shift amount: 3
CDS disabled.
Compressed class space mapped at: 0x0000000800000000-0x0000000840000000, size: 1073741824
Narrow klass base: 0x0000000800000000, Narrow klass shift: 0, Narrow klass range: 0x40000000

GC Precious Log:
 CPUs: 16 total, 16 available
 Memory: 15733M
 Large Page Support: Disabled
 NUMA Support: Disabled
 Compressed Oops: Enabled (Zero based)
 Heap Region Size: 2M
 Heap Min Capacity: 8M
 Heap Initial Capacity: 246M
 Heap Max Capacity: 3934M
 Pre-touch: Disabled
 Parallel Workers: 13
 Concurrent Workers: 3
 Concurrent Refinement Workers: 13
 Periodic GC: Disabled

Heap:
 garbage-first heap   total 251904K, used 6144K [0x000000070a200000, 0x0000000800000000)
  region size 2048K, 4 young (8192K), 0 survivors (0K)
 Metaspace       used 9557K, capacity 9668K, committed 9856K, reserved 1058816K
  class space    used 819K, capacity 855K, committed 896K, reserved 1048576K

Heap Regions: E=young(eden), S=young(survivor), O=old, HS=humongous(starts), HC=humongous(continues), CS=collection set, F=free, OA=open archive, CA=closed archive, TAMS=top-at-mark-start (previous, next)
|   0|0x000000070a200000, 0x000000070a200000, 0x000000070a400000|  0%| F|  |TAMS 0x000000070a200000, 0x000000070a200000| Untracked 
|   1|0x000000070a400000, 0x000000070a400000, 0x000000070a600000|  0%| F|  |TAMS 0x000000070a400000, 0x000000070a400000| Untracked 
|   2|0x000000070a600000, 0x000000070a600000, 0x000000070a800000|  0%| F|  |TAMS 0x000000070a600000, 0x000000070a600000| Untracked 
|   3|0x000000070a800000, 0x000000070a800000, 0x000000070aa00000|  0%| F|  |TAMS 0x000000070a800000, 0x000000070a800000| Untracked 
|   4|0x000000070aa00000, 0x000000070aa00000, 0x000000070ac00000|  0%| F|  |TAMS 0x000000070aa00000, 0x000000070aa00000| Untracked 
|   5|0x000000070ac00000, 0x000000070ac00000, 0x000000070ae00000|  0%| F|  |TAMS 0x000000070ac00000, 0x000000070ac00000| Untracked 
|   6|0x000000070ae00000, 0x000000070ae00000, 0x000000070b000000|  0%| F|  |TAMS 0x000000070ae00000, 0x000000070ae00000| Untracked 
|   7|0x000000070b000000, 0x000000070b000000, 0x000000070b200000|  0%| F|  |TAMS 0x000000070b000000, 0x000000070b000000| Untracked 
|   8|0x000000070b200000, 0x000000070b200000, 0x000000070b400000|  0%| F|  |TAMS 0x000000070b200000, 0x000000070b200000| Untracked 
|   9|0x000000070b400000, 0x000000070b400000, 0x000000070b600000|  0%| F|  |TAMS 0x000000070b400000, 0x000000070b400000| Untracked 
|  10|0x000000070b600000, 0x000000070b600000, 0x000000070b800000|  0%| F|  |TAMS 0x000000070b600000, 0x000000070b600000| Untracked 
|  11|0x000000070b800000, 0x000000070b800000, 0x000000070ba00000|  0%| F|  |TAMS 0x000000070b800000, 0x000000070b800000| Untracked 
|  12|0x000000070ba00000, 0x000000070ba00000, 0x000000070bc00000|  0%| F|  |TAMS 0x000000070ba00000, 0x000000070ba00000| Untracked 
|  13|0x000000070bc00000, 0x000000070bc00000, 0x000000070be00000|  0%| F|  |TAMS 0x000000070bc00000, 0x000000070bc00000| Untracked 
|  14|0x000000070be00000, 0x000000070be00000, 0x000000070c000000|  0%| F|  |TAMS 0x000000070be00000, 0x000000070be00000| Untracked 
|  15|0x000000070c000000, 0x000000070c000000, 0x000000070c200000|  0%| F|  |TAMS 0x000000070c000000, 0x000000070c000000| Untracked 
|  16|0x000000070c200000, 0x000000070c200000, 0x000000070c400000|  0%| F|  |TAMS 0x000000070c200000, 0x000000070c200000| Untracked 
|  17|0x000000070c400000, 0x000000070c400000, 0x000000070c600000|  0%| F|  |TAMS 0x000000070c400000, 0x000000070c400000| Untracked 
|  18|0x000000070c600000, 0x000000070c600000, 0x000000070c800000|  0%| F|  |TAMS 0x000000070c600000, 0x000000070c600000| Untracked 
|  19|0x000000070c800000, 0x000000070c800000, 0x000000070ca00000|  0%| F|  |TAMS 0x000000070c800000, 0x000000070c800000| Untracked 
|  20|0x000000070ca00000, 0x000000070ca00000, 0x000000070cc00000|  0%| F|  |TAMS 0x000000070ca00000, 0x000000070ca00000| Untracked 
|  21|0x000000070cc00000, 0x000000070cc00000, 0x000000070ce00000|  0%| F|  |TAMS 0x000000070cc00000, 0x000000070cc00000| Untracked 
|  22|0x000000070ce00000, 0x000000070ce00000, 0x000000070d000000|  0%| F|  |TAMS 0x000000070ce00000, 0x000000070ce00000| Untracked 
|  23|0x000000070d000000, 0x000000070d000000, 0x000000070d200000|  0%| F|  |TAMS 0x000000070d000000, 0x000000070d000000| Untracked 
|  24|0x000000070d200000, 0x000000070d200000, 0x000000070d400000|  0%| F|  |TAMS 0x000000070d200000, 0x000000070d200000| Untracked 
|  25|0x000000070d400000, 0x000000070d400000, 0x000000070d600000|  0%| F|  |TAMS 0x000000070d400000, 0x000000070d400000| Untracked 
|  26|0x000000070d600000, 0x000000070d600000, 0x000000070d800000|  0%| F|  |TAMS 0x000000070d600000, 0x000000070d600000| Untracked 
|  27|0x000000070d800000, 0x000000070d800000, 0x000000070da00000|  0%| F|  |TAMS 0x000000070d800000, 0x000000070d800000| Untracked 
|  28|0x000000070da00000, 0x000000070da00000, 0x000000070dc00000|  0%| F|  |TAMS 0x000000070da00000, 0x000000070da00000| Untracked 
|  29|0x000000070dc00000, 0x000000070dc00000, 0x000000070de00000|  0%| F|  |TAMS 0x000000070dc00000, 0x000000070dc00000| Untracked 
|  30|0x000000070de00000, 0x000000070de00000, 0x000000070e000000|  0%| F|  |TAMS 0x000000070de00000, 0x000000070de00000| Untracked 
|  31|0x000000070e000000, 0x000000070e000000, 0x000000070e200000|  0%| F|  |TAMS 0x000000070e000000, 0x000000070e000000| Untracked 
|  32|0x000000070e200000, 0x000000070e200000, 0x000000070e400000|  0%| F|  |TAMS 0x000000070e200000, 0x000000070e200000| Untracked 
|  33|0x000000070e400000, 0x000000070e400000, 0x000000070e600000|  0%| F|  |TAMS 0x000000070e400000, 0x000000070e400000| Untracked 
|  34|0x000000070e600000, 0x000000070e600000, 0x000000070e800000|  0%| F|  |TAMS 0x000000070e600000, 0x000000070e600000| Untracked 
|  35|0x000000070e800000, 0x000000070e800000, 0x000000070ea00000|  0%| F|  |TAMS 0x000000070e800000, 0x000000070e800000| Untracked 
|  36|0x000000070ea00000, 0x000000070ea00000, 0x000000070ec00000|  0%| F|  |TAMS 0x000000070ea00000, 0x000000070ea00000| Untracked 
|  37|0x000000070ec00000, 0x000000070ec00000, 0x000000070ee00000|  0%| F|  |TAMS 0x000000070ec00000, 0x000000070ec00000| Untracked 
|  38|0x000000070ee00000, 0x000000070ee00000, 0x000000070f000000|  0%| F|  |TAMS 0x000000070ee00000, 0x000000070ee00000| Untracked 
|  39|0x000000070f000000, 0x000000070f000000, 0x000000070f200000|  0%| F|  |TAMS 0x000000070f000000, 0x000000070f000000| Untracked 
|  40|0x000000070f200000, 0x000000070f200000, 0x000000070f400000|  0%| F|  |TAMS 0x000000070f200000, 0x000000070f200000| Untracked 
|  41|0x000000070f400000, 0x000000070f400000, 0x000000070f600000|  0%| F|  |TAMS 0x000000070f400000, 0x000000070f400000| Untracked 
|  42|0x000000070f600000, 0x000000070f600000, 0x000000070f800000|  0%| F|  |TAMS 0x000000070f600000, 0x000000070f600000| Untracked 
|  43|0x000000070f800000, 0x000000070f800000, 0x000000070fa00000|  0%| F|  |TAMS 0x000000070f800000, 0x000000070f800000| Untracked 
|  44|0x000000070fa00000, 0x000000070fa00000, 0x000000070fc00000|  0%| F|  |TAMS 0x000000070fa00000, 0x000000070fa00000| Untracked 
|  45|0x000000070fc00000, 0x000000070fc00000, 0x000000070fe00000|  0%| F|  |TAMS 0x000000070fc00000, 0x000000070fc00000| Untracked 
|  46|0x000000070fe00000, 0x000000070fe00000, 0x0000000710000000|  0%| F|  |TAMS 0x000000070fe00000, 0x000000070fe00000| Untracked 
|  47|0x0000000710000000, 0x0000000710000000, 0x0000000710200000|  0%| F|  |TAMS 0x0000000710000000, 0x0000000710000000| Untracked 
|  48|0x0000000710200000, 0x0000000710200000, 0x0000000710400000|  0%| F|  |TAMS 0x0000000710200000, 0x0000000710200000| Untracked 
|  49|0x0000000710400000, 0x0000000710400000, 0x0000000710600000|  0%| F|  |TAMS 0x0000000710400000, 0x0000000710400000| Untracked 
|  50|0x0000000710600000, 0x0000000710600000, 0x0000000710800000|  0%| F|  |TAMS 0x0000000710600000, 0x0000000710600000| Untracked 
|  51|0x0000000710800000, 0x0000000710800000, 0x0000000710a00000|  0%| F|  |TAMS 0x0000000710800000, 0x0000000710800000| Untracked 
|  52|0x0000000710a00000, 0x0000000710a00000, 0x0000000710c00000|  0%| F|  |TAMS 0x0000000710a00000, 0x0000000710a00000| Untracked 
|  53|0x0000000710c00000, 0x0000000710c00000, 0x0000000710e00000|  0%| F|  |TAMS 0x0000000710c00000, 0x0000000710c00000| Untracked 
|  54|0x0000000710e00000, 0x0000000710e00000, 0x0000000711000000|  0%| F|  |TAMS 0x0000000710e00000, 0x0000000710e00000| Untracked 
|  55|0x0000000711000000, 0x0000000711000000, 0x0000000711200000|  0%| F|  |TAMS 0x0000000711000000, 0x0000000711000000| Untracked 
|  56|0x0000000711200000, 0x0000000711200000, 0x0000000711400000|  0%| F|  |TAMS 0x0000000711200000, 0x0000000711200000| Untracked 
|  57|0x0000000711400000, 0x0000000711400000, 0x0000000711600000|  0%| F|  |TAMS 0x0000000711400000, 0x0000000711400000| Untracked 
|  58|0x0000000711600000, 0x0000000711600000, 0x0000000711800000|  0%| F|  |TAMS 0x0000000711600000, 0x0000000711600000| Untracked 
|  59|0x0000000711800000, 0x0000000711800000, 0x0000000711a00000|  0%| F|  |TAMS 0x0000000711800000, 0x0000000711800000| Untracked 
|  60|0x0000000711a00000, 0x0000000711a00000, 0x0000000711c00000|  0%| F|  |TAMS 0x0000000711a00000, 0x0000000711a00000| Untracked 
|  61|0x0000000711c00000, 0x0000000711c00000, 0x0000000711e00000|  0%| F|  |TAMS 0x0000000711c00000, 0x0000000711c00000| Untracked 
|  62|0x0000000711e00000, 0x0000000711e00000, 0x0000000712000000|  0%| F|  |TAMS 0x0000000711e00000, 0x0000000711e00000| Untracked 
|  63|0x0000000712000000, 0x0000000712000000, 0x0000000712200000|  0%| F|  |TAMS 0x0000000712000000, 0x0000000712000000| Untracked 
|  64|0x0000000712200000, 0x0000000712200000, 0x0000000712400000|  0%| F|  |TAMS 0x0000000712200000, 0x0000000712200000| Untracked 
|  65|0x0000000712400000, 0x0000000712400000, 0x0000000712600000|  0%| F|  |TAMS 0x0000000712400000, 0x0000000712400000| Untracked 
|  66|0x0000000712600000, 0x0000000712600000, 0x0000000712800000|  0%| F|  |TAMS 0x0000000712600000, 0x0000000712600000| Untracked 
|  67|0x0000000712800000, 0x0000000712800000, 0x0000000712a00000|  0%| F|  |TAMS 0x0000000712800000, 0x0000000712800000| Untracked 
|  68|0x0000000712a00000, 0x0000000712a00000, 0x0000000712c00000|  0%| F|  |TAMS 0x0000000712a00000, 0x0000000712a00000| Untracked 
|  69|0x0000000712c00000, 0x0000000712c00000, 0x0000000712e00000|  0%| F|  |TAMS 0x0000000712c00000, 0x0000000712c00000| Untracked 
|  70|0x0000000712e00000, 0x0000000712e00000, 0x0000000713000000|  0%| F|  |TAMS 0x0000000712e00000, 0x0000000712e00000| Untracked 
|  71|0x0000000713000000, 0x0000000713000000, 0x0000000713200000|  0%| F|  |TAMS 0x0000000713000000, 0x0000000713000000| Untracked 
|  72|0x0000000713200000, 0x0000000713200000, 0x0000000713400000|  0%| F|  |TAMS 0x0000000713200000, 0x0000000713200000| Untracked 
|  73|0x0000000713400000, 0x0000000713400000, 0x0000000713600000|  0%| F|  |TAMS 0x0000000713400000, 0x0000000713400000| Untracked 
|  74|0x0000000713600000, 0x0000000713600000, 0x0000000713800000|  0%| F|  |TAMS 0x0000000713600000, 0x0000000713600000| Untracked 
|  75|0x0000000713800000, 0x0000000713800000, 0x0000000713a00000|  0%| F|  |TAMS 0x0000000713800000, 0x0000000713800000| Untracked 
|  76|0x0000000713a00000, 0x0000000713a00000, 0x0000000713c00000|  0%| F|  |TAMS 0x0000000713a00000, 0x0000000713a00000| Untracked 
|  77|0x0000000713c00000, 0x0000000713c00000, 0x0000000713e00000|  0%| F|  |TAMS 0x0000000713c00000, 0x0000000713c00000| Untracked 
|  78|0x0000000713e00000, 0x0000000713e00000, 0x0000000714000000|  0%| F|  |TAMS 0x0000000713e00000, 0x0000000713e00000| Untracked 
|  79|0x0000000714000000, 0x0000000714000000, 0x0000000714200000|  0%| F|  |TAMS 0x0000000714000000, 0x0000000714000000| Untracked 
|  80|0x0000000714200000, 0x0000000714200000, 0x0000000714400000|  0%| F|  |TAMS 0x0000000714200000, 0x0000000714200000| Untracked 
|  81|0x0000000714400000, 0x0000000714400000, 0x0000000714600000|  0%| F|  |TAMS 0x0000000714400000, 0x0000000714400000| Untracked 
|  82|0x0000000714600000, 0x0000000714600000, 0x0000000714800000|  0%| F|  |TAMS 0x0000000714600000, 0x0000000714600000| Untracked 
|  83|0x0000000714800000, 0x0000000714800000, 0x0000000714a00000|  0%| F|  |TAMS 0x0000000714800000, 0x0000000714800000| Untracked 
|  84|0x0000000714a00000, 0x0000000714a00000, 0x0000000714c00000|  0%| F|  |TAMS 0x0000000714a00000, 0x0000000714a00000| Untracked 
|  85|0x0000000714c00000, 0x0000000714c00000, 0x0000000714e00000|  0%| F|  |TAMS 0x0000000714c00000, 0x0000000714c00000| Untracked 
|  86|0x0000000714e00000, 0x0000000714e00000, 0x0000000715000000|  0%| F|  |TAMS 0x0000000714e00000, 0x0000000714e00000| Untracked 
|  87|0x0000000715000000, 0x0000000715000000, 0x0000000715200000|  0%| F|  |TAMS 0x0000000715000000, 0x0000000715000000| Untracked 
|  88|0x0000000715200000, 0x0000000715200000, 0x0000000715400000|  0%| F|  |TAMS 0x0000000715200000, 0x0000000715200000| Untracked 
|  89|0x0000000715400000, 0x0000000715400000, 0x0000000715600000|  0%| F|  |TAMS 0x0000000715400000, 0x0000000715400000| Untracked 
|  90|0x0000000715600000, 0x0000000715600000, 0x0000000715800000|  0%| F|  |TAMS 0x0000000715600000, 0x0000000715600000| Untracked 
|  91|0x0000000715800000, 0x0000000715800000, 0x0000000715a00000|  0%| F|  |TAMS 0x0000000715800000, 0x0000000715800000| Untracked 
|  92|0x0000000715a00000, 0x0000000715a00000, 0x0000000715c00000|  0%| F|  |TAMS 0x0000000715a00000, 0x0000000715a00000| Untracked 
|  93|0x0000000715c00000, 0x0000000715c00000, 0x0000000715e00000|  0%| F|  |TAMS 0x0000000715c00000, 0x0000000715c00000| Untracked 
|  94|0x0000000715e00000, 0x0000000715e00000, 0x0000000716000000|  0%| F|  |TAMS 0x0000000715e00000, 0x0000000715e00000| Untracked 
|  95|0x0000000716000000, 0x0000000716000000, 0x0000000716200000|  0%| F|  |TAMS 0x0000000716000000, 0x0000000716000000| Untracked 
|  96|0x0000000716200000, 0x0000000716200000, 0x0000000716400000|  0%| F|  |TAMS 0x0000000716200000, 0x0000000716200000| Untracked 
|  97|0x0000000716400000, 0x0000000716400000, 0x0000000716600000|  0%| F|  |TAMS 0x0000000716400000, 0x0000000716400000| Untracked 
|  98|0x0000000716600000, 0x0000000716600000, 0x0000000716800000|  0%| F|  |TAMS 0x0000000716600000, 0x0000000716600000| Untracked 
|  99|0x0000000716800000, 0x0000000716800000, 0x0000000716a00000|  0%| F|  |TAMS 0x0000000716800000, 0x0000000716800000| Untracked 
| 100|0x0000000716a00000, 0x0000000716a00000, 0x0000000716c00000|  0%| F|  |TAMS 0x0000000716a00000, 0x0000000716a00000| Untracked 
| 101|0x0000000716c00000, 0x0000000716c00000, 0x0000000716e00000|  0%| F|  |TAMS 0x0000000716c00000, 0x0000000716c00000| Untracked 
| 102|0x0000000716e00000, 0x0000000716e00000, 0x0000000717000000|  0%| F|  |TAMS 0x0000000716e00000, 0x0000000716e00000| Untracked 
| 103|0x0000000717000000, 0x0000000717000000, 0x0000000717200000|  0%| F|  |TAMS 0x0000000717000000, 0x0000000717000000| Untracked 
| 104|0x0000000717200000, 0x0000000717200000, 0x0000000717400000|  0%| F|  |TAMS 0x0000000717200000, 0x0000000717200000| Untracked 
| 105|0x0000000717400000, 0x0000000717400000, 0x0000000717600000|  0%| F|  |TAMS 0x0000000717400000, 0x0000000717400000| Untracked 
| 106|0x0000000717600000, 0x0000000717600000, 0x0000000717800000|  0%| F|  |TAMS 0x0000000717600000, 0x0000000717600000| Untracked 
| 107|0x0000000717800000, 0x0000000717800000, 0x0000000717a00000|  0%| F|  |TAMS 0x0000000717800000, 0x0000000717800000| Untracked 
| 108|0x0000000717a00000, 0x0000000717a00000, 0x0000000717c00000|  0%| F|  |TAMS 0x0000000717a00000, 0x0000000717a00000| Untracked 
| 109|0x0000000717c00000, 0x0000000717c00000, 0x0000000717e00000|  0%| F|  |TAMS 0x0000000717c00000, 0x0000000717c00000| Untracked 
| 110|0x0000000717e00000, 0x0000000717e00000, 0x0000000718000000|  0%| F|  |TAMS 0x0000000717e00000, 0x0000000717e00000| Untracked 
| 111|0x0000000718000000, 0x0000000718000000, 0x0000000718200000|  0%| F|  |TAMS 0x0000000718000000, 0x0000000718000000| Untracked 
| 112|0x0000000718200000, 0x0000000718200000, 0x0000000718400000|  0%| F|  |TAMS 0x0000000718200000, 0x0000000718200000| Untracked 
| 113|0x0000000718400000, 0x0000000718400000, 0x0000000718600000|  0%| F|  |TAMS 0x0000000718400000, 0x0000000718400000| Untracked 
| 114|0x0000000718600000, 0x0000000718600000, 0x0000000718800000|  0%| F|  |TAMS 0x0000000718600000, 0x0000000718600000| Untracked 
| 115|0x0000000718800000, 0x0000000718800000, 0x0000000718a00000|  0%| F|  |TAMS 0x0000000718800000, 0x0000000718800000| Untracked 
| 116|0x0000000718a00000, 0x0000000718a00000, 0x0000000718c00000|  0%| F|  |TAMS 0x0000000718a00000, 0x0000000718a00000| Untracked 
| 117|0x0000000718c00000, 0x0000000718c00000, 0x0000000718e00000|  0%| F|  |TAMS 0x0000000718c00000, 0x0000000718c00000| Untracked 
| 118|0x0000000718e00000, 0x0000000718e00000, 0x0000000719000000|  0%| F|  |TAMS 0x0000000718e00000, 0x0000000718e00000| Untracked 
| 119|0x0000000719000000, 0x00000007190e7130, 0x0000000719200000| 45%| E|  |TAMS 0x0000000719000000, 0x0000000719000000| Complete 
| 120|0x0000000719200000, 0x0000000719400000, 0x0000000719400000|100%| E|CS|TAMS 0x0000000719200000, 0x0000000719200000| Complete 
| 121|0x0000000719400000, 0x0000000719600000, 0x0000000719600000|100%| E|CS|TAMS 0x0000000719400000, 0x0000000719400000| Complete 
| 122|0x0000000719600000, 0x0000000719800000, 0x0000000719800000|100%| E|CS|TAMS 0x0000000719600000, 0x0000000719600000| Complete 

Card table byte_map: [0x000001fe611f0000,0x000001fe619a0000] _byte_map_base: 0x000001fe5d99f000

Marking Bits (Prev, Next): (CMBitMap*) 0x000001fe4b8c6ce0, (CMBitMap*) 0x000001fe4b8c6d20
 Prev Bits: [0x000001fe62150000, 0x000001fe65ec8000)
 Next Bits: [0x000001fe65ed0000, 0x000001fe69c48000)

Polling page: 0x000001fe4b950000

Metaspace:

Usage:
  Non-class:      8.61 MB capacity,     8.53 MB (>99%) used,    68.67 KB ( <1%) free+waste,     5.94 KB ( <1%) overhead. 
      Class:    855.00 KB capacity,   819.18 KB ( 96%) used,    33.95 KB (  4%) free+waste,     1.88 KB ( <1%) overhead. 
       Both:      9.44 MB capacity,     9.33 MB ( 99%) used,   102.62 KB (  1%) free+waste,     7.81 KB ( <1%) overhead. 

Virtual space:
  Non-class space:       10.00 MB reserved,       8.75 MB ( 88%) committed 
      Class space:        1.00 GB reserved,     896.00 KB ( <1%) committed 
             Both:        1.01 GB reserved,       9.62 MB ( <1%) committed 

Chunk freelists:
   Non-Class:  19.00 KB
       Class:  9.00 KB
        Both:  28.00 KB

MaxMetaspaceSize: 17179869184.00 GB
CompressedClassSpaceSize: 1.00 GB

CodeHeap 'non-profiled nmethods': size=119168Kb used=130Kb max_used=130Kb free=119037Kb
 bounds [0x000001fe58630000, 0x000001fe588a0000, 0x000001fe5fa90000]
CodeHeap 'profiled nmethods': size=119104Kb used=653Kb max_used=653Kb free=118450Kb
 bounds [0x000001fe511e0000, 0x000001fe51450000, 0x000001fe58630000]
CodeHeap 'non-nmethods': size=7488Kb used=1231Kb max_used=2375Kb free=6256Kb
 bounds [0x000001fe50a90000, 0x000001fe50d00000, 0x000001fe511e0000]
 total_blobs=860 nmethods=464 adapters=309
 compilation: enabled
              stopped_count=0, restarted_count=0
 full_count=0

Compilation events (20 events):
Event: 0.343 Thread 0x000001fe6d7ba760  455       3       java.util.ArrayList::grow (60 bytes)
Event: 0.343 Thread 0x000001fe6d7ba760 nmethod 455 0x000001fe5127fe10 code [0x000001fe51280020, 0x000001fe51280818]
Event: 0.349 Thread 0x000001fe6d7ba760  456       1       java.nio.Buffer::limit (5 bytes)
Event: 0.350 Thread 0x000001fe6d7ba760 nmethod 456 0x000001fe58650610 code [0x000001fe586507a0, 0x000001fe58650858]
Event: 74.553 Thread 0x000001fe6d5becb0  457       3       org.eclipse.jdt.launching.internal.org.objectweb.asm.ClassReader::readUnsignedShort (26 bytes)
Event: 74.553 Thread 0x000001fe6d5becb0 nmethod 457 0x000001fe51280b10 code [0x000001fe51280ca0, 0x000001fe51280e18]
Event: 74.553 Thread 0x000001fe6d5becb0  458       3       java.lang.StringUTF16::compress (20 bytes)
Event: 74.555 Thread 0x000001fe6d5becb0 nmethod 458 0x000001fe51280f10 code [0x000001fe512810c0, 0x000001fe512812e8]
Event: 74.555 Thread 0x000001fe6d5becb0  459       3       java.lang.String::<init> (74 bytes)
Event: 74.555 Thread 0x000001fe6d5becb0 nmethod 459 0x000001fe51281390 code [0x000001fe51281560, 0x000001fe51281958]
Event: 159.501 Thread 0x000001fe6d5becb0  460       3       org.eclipse.jdt.launching.internal.org.objectweb.asm.ClassReader::readUtf (44 bytes)
Event: 159.501 Thread 0x000001fe6d5becb0 nmethod 460 0x000001fe51281a90 code [0x000001fe51281c60, 0x000001fe51282078]
Event: 159.501 Thread 0x000001fe6d5becb0  461       3       java.lang.String::equals (50 bytes)
Event: 159.501 Thread 0x000001fe6d5becb0 nmethod 461 0x000001fe51282290 code [0x000001fe51282460, 0x000001fe512828a8]
Event: 494.262 Thread 0x000001fe6d5becb0  462       3       java.lang.String::<init> (14 bytes)
Event: 494.262 Thread 0x000001fe6d5becb0 nmethod 462 0x000001fe51282990 code [0x000001fe51282b40, 0x000001fe51282d38]
Event: 494.262 Thread 0x000001fe6d5becb0  464       3       org.eclipse.jdt.launching.internal.org.objectweb.asm.ClassReader::getItem (7 bytes)
Event: 494.264 Thread 0x000001fe6d5becb0 nmethod 464 0x000001fe51282e90 code [0x000001fe51283020, 0x000001fe51283158]
Event: 494.264 Thread 0x000001fe6d5becb0  463       3       java.lang.String::rangeCheck (9 bytes)
Event: 494.264 Thread 0x000001fe6d5becb0 nmethod 463 0x000001fe51283210 code [0x000001fe512833c0, 0x000001fe512834e8]

GC Heap History (0 events):
No events

Deoptimization events (20 events):
Event: 0.331 Thread 0x000001fe4b870fd0 DEOPT PACKING pc=0x000001fe5126786d sp=0x0000003eeabf8310
Event: 0.331 Thread 0x000001fe4b870fd0 DEOPT UNPACKING pc=0x000001fe50ade23f sp=0x0000003eeabf77d8 mode 0
Event: 0.331 Thread 0x000001fe4b870fd0 DEOPT PACKING pc=0x000001fe5126786d sp=0x0000003eeabf8310
Event: 0.331 Thread 0x000001fe4b870fd0 DEOPT UNPACKING pc=0x000001fe50ade23f sp=0x0000003eeabf77d8 mode 0
Event: 0.331 Thread 0x000001fe4b870fd0 DEOPT PACKING pc=0x000001fe5126786d sp=0x0000003eeabf8310
Event: 0.331 Thread 0x000001fe4b870fd0 DEOPT UNPACKING pc=0x000001fe50ade23f sp=0x0000003eeabf77d8 mode 0
Event: 0.331 Thread 0x000001fe4b870fd0 DEOPT PACKING pc=0x000001fe5126786d sp=0x0000003eeabf8310
Event: 0.331 Thread 0x000001fe4b870fd0 DEOPT UNPACKING pc=0x000001fe50ade23f sp=0x0000003eeabf77d8 mode 0
Event: 0.334 Thread 0x000001fe4b870fd0 DEOPT PACKING pc=0x000001fe5126786d sp=0x0000003eeabfbdf0
Event: 0.334 Thread 0x000001fe4b870fd0 DEOPT UNPACKING pc=0x000001fe50ade23f sp=0x0000003eeabfb2b8 mode 0
Event: 0.334 Thread 0x000001fe4b870fd0 DEOPT PACKING pc=0x000001fe5126786d sp=0x0000003eeabfbdf0
Event: 0.334 Thread 0x000001fe4b870fd0 DEOPT UNPACKING pc=0x000001fe50ade23f sp=0x0000003eeabfb2b8 mode 0
Event: 0.334 Thread 0x000001fe4b870fd0 DEOPT PACKING pc=0x000001fe5126786d sp=0x0000003eeabfbdf0
Event: 0.334 Thread 0x000001fe4b870fd0 DEOPT UNPACKING pc=0x000001fe50ade23f sp=0x0000003eeabfb2b8 mode 0
Event: 0.336 Thread 0x000001fe4b870fd0 DEOPT PACKING pc=0x000001fe5126786d sp=0x0000003eeabf8290
Event: 0.336 Thread 0x000001fe4b870fd0 DEOPT UNPACKING pc=0x000001fe50ade23f sp=0x0000003eeabf7758 mode 0
Event: 0.344 Thread 0x000001fe4b870fd0 Uncommon trap: trap_request=0xffffff45 fr.pc=0x000001fe5863bd24 relative=0x0000000000000184
Event: 0.344 Thread 0x000001fe4b870fd0 Uncommon trap: reason=unstable_if action=reinterpret pc=0x000001fe5863bd24 method=java.lang.String.equals(Ljava/lang/Object;)Z @ 33 c2
Event: 0.344 Thread 0x000001fe4b870fd0 DEOPT PACKING pc=0x000001fe5863bd24 sp=0x0000003eeabff6d0
Event: 0.344 Thread 0x000001fe4b870fd0 DEOPT UNPACKING pc=0x000001fe50ade42f sp=0x0000003eeabff670 mode 2

Classes unloaded (0 events):
No events

Classes redefined (3 events):
Event: 74.554 Thread 0x000001fe6ccecd30 redefined class name=mymain._016_2018_ÏàòÎì§ÏùòÌï©5, count=1
Event: 159.503 Thread 0x000001fe6ccecd30 redefined class name=mymain._016_2018_ÏàòÎì§ÏùòÌï©5, count=2
Event: 494.262 Thread 0x000001fe6ccecd30 redefined class name=mymain._016_2018_ÏàòÎì§ÏùòÌï©5, count=3

Internal exceptions (6 events):
Event: 0.243 Thread 0x000001fe4b870fd0 Exception <a 'java/lang/NoSuchMethodError'{0x00000007194566b0}: 'void java.lang.invoke.DirectMethodHandle$Holder.invokeStatic(java.lang.Object, java.lang.Object)'> (0x00000007194566b0) 
thrown [./open/src/hotspot/share/interpreter/linkResolver.cpp, line 782]
Event: 0.244 Thread 0x000001fe4b870fd0 Exception <a 'java/lang/NoSuchMethodError'{0x000000071945a358}: 'void java.lang.invoke.DirectMethodHandle$Holder.invokeStaticInit(java.lang.Object, java.lang.Object)'> (0x000000071945a358) 
thrown [./open/src/hotspot/share/interpreter/linkResolver.cpp, line 782]
Event: 0.287 Thread 0x000001fe4b870fd0 Exception <a 'java/lang/NoSuchMethodError'{0x0000000719251328}: 'java.lang.Object java.lang.invoke.DirectMethodHandle$Holder.invokeStatic(java.lang.Object)'> (0x0000000719251328) 
thrown [./open/src/hotspot/share/interpreter/linkResolver.cpp, line 782]
Event: 0.288 Thread 0x000001fe4b870fd0 Exception <a 'java/lang/NoSuchMethodError'{0x0000000719254ee8}: 'java.lang.Object java.lang.invoke.DirectMethodHandle$Holder.invokeStaticInit(java.lang.Object)'> (0x0000000719254ee8) 
thrown [./open/src/hotspot/share/interpreter/linkResolver.cpp, line 782]
Event: 0.288 Thread 0x000001fe4b870fd0 Exception <a 'java/lang/NoSuchMethodError'{0x000000071925b3d0}: 'java.lang.Object java.lang.invoke.Invokers$Holder.invoke_MT(java.lang.Object, java.lang.Object, java.lang.Object)'> (0x000000071925b3d0) 
thrown [./open/src/hotspot/share/interpreter/linkResolver.cpp, line 782]
Event: 587.223 Thread 0x000001fe6d8be9f0 Exception <a 'java/lang/LinkageError'{0x0000000719081750}> (0x0000000719081750) 
thrown [./open/src/hotspot/share/oops/generateOopMap.cpp, line 2137]

Events (20 events):
Event: 238.806 Executing VM operation: get/set locals
Event: 238.806 Executing VM operation: get/set locals done
Event: 238.808 Executing VM operation: get/set locals
Event: 238.808 Executing VM operation: get/set locals done
Event: 238.808 Executing VM operation: get/set locals
Event: 238.808 Executing VM operation: get/set locals done
Event: 238.809 Executing VM operation: get/set locals
Event: 238.809 Executing VM operation: get/set locals done
Event: 238.809 Executing VM operation: get/set locals
Event: 238.809 Executing VM operation: get/set locals done
Event: 494.262 Executing VM operation: RedefineClasses
Event: 494.264 Executing VM operation: RedefineClasses done
Event: 494.267 Executing VM operation: ChangeBreakpoints
Event: 494.268 Executing VM operation: ChangeBreakpoints done
Event: 494.269 Executing VM operation: GetFrameCount
Event: 494.269 Executing VM operation: GetFrameCount done
Event: 494.269 Executing VM operation: GetStackTrace
Event: 494.269 Executing VM operation: GetStackTrace done
Event: 494.302 Executing VM operation: GetFrameCount
Event: 494.302 Executing VM operation: GetFrameCount done


Dynamic libraries:
0x00007ff6a5440000 - 0x00007ff6a544d000 	C:\work\«¡∑Œ±◊∑•¿⁄∑·\eclipse\plugins\org.eclipse.justj.openjdk.hotspot.jre.full.win32.x86_64_15.0.2.v20210201-0955\jre\bin\javaw.exe
0x00007ff9d1770000 - 0x00007ff9d1965000 	C:\Windows\SYSTEM32\ntdll.dll
0x00007ff9cfad0000 - 0x00007ff9cfb8e000 	C:\Windows\System32\KERNEL32.DLL
0x00007ff9cf1b0000 - 0x00007ff9cf478000 	C:\Windows\System32\KERNELBASE.dll
0x00007ff9cf480000 - 0x00007ff9cf580000 	C:\Windows\System32\ucrtbase.dll
0x00007ff9c7b00000 - 0x00007ff9c7b19000 	C:\work\«¡∑Œ±◊∑•¿⁄∑·\eclipse\plugins\org.eclipse.justj.openjdk.hotspot.jre.full.win32.x86_64_15.0.2.v20210201-0955\jre\bin\VCRUNTIME140.dll
0x00007ff9bf720000 - 0x00007ff9bf738000 	C:\work\«¡∑Œ±◊∑•¿⁄∑·\eclipse\plugins\org.eclipse.justj.openjdk.hotspot.jre.full.win32.x86_64_15.0.2.v20210201-0955\jre\bin\jli.dll
0x00007ff9d11d0000 - 0x00007ff9d1370000 	C:\Windows\System32\USER32.dll
0x00007ff9b9440000 - 0x00007ff9b96da000 	C:\Windows\WinSxS\amd64_microsoft.windows.common-controls_6595b64144ccf1df_6.0.19041.1110_none_60b5254171f9507e\COMCTL32.dll
0x00007ff9cf6e0000 - 0x00007ff9cf702000 	C:\Windows\System32\win32u.dll
0x00007ff9d0c70000 - 0x00007ff9d0d0e000 	C:\Windows\System32\msvcrt.dll
0x00007ff9d0c40000 - 0x00007ff9d0c6a000 	C:\Windows\System32\GDI32.dll
0x00007ff9cef90000 - 0x00007ff9cf09b000 	C:\Windows\System32\gdi32full.dll
0x00007ff9cf0a0000 - 0x00007ff9cf13d000 	C:\Windows\System32\msvcp_win.dll
0x00007ff9d0d70000 - 0x00007ff9d0da0000 	C:\Windows\System32\IMM32.DLL
0x00007ff9c8b50000 - 0x00007ff9c8b5c000 	C:\work\«¡∑Œ±◊∑•¿⁄∑·\eclipse\plugins\org.eclipse.justj.openjdk.hotspot.jre.full.win32.x86_64_15.0.2.v20210201-0955\jre\bin\vcruntime140_1.dll
0x00007ff99f020000 - 0x00007ff99f0b1000 	C:\work\«¡∑Œ±◊∑•¿⁄∑·\eclipse\plugins\org.eclipse.justj.openjdk.hotspot.jre.full.win32.x86_64_15.0.2.v20210201-0955\jre\bin\msvcp140.dll
0x00007ff99b570000 - 0x00007ff99c0ce000 	C:\work\«¡∑Œ±◊∑•¿⁄∑·\eclipse\plugins\org.eclipse.justj.openjdk.hotspot.jre.full.win32.x86_64_15.0.2.v20210201-0955\jre\bin\server\jvm.dll
0x00007ff9cfa20000 - 0x00007ff9cface000 	C:\Windows\System32\ADVAPI32.dll
0x00007ff9cf980000 - 0x00007ff9cfa1c000 	C:\Windows\System32\sechost.dll
0x00007ff9cfb90000 - 0x00007ff9cfcb5000 	C:\Windows\System32\RPCRT4.dll
0x00007ff9d1150000 - 0x00007ff9d1158000 	C:\Windows\System32\PSAPI.DLL
0x00007ff9cadb0000 - 0x00007ff9cadb9000 	C:\Windows\SYSTEM32\WSOCK32.dll
0x00007ff9c1810000 - 0x00007ff9c1837000 	C:\Windows\SYSTEM32\WINMM.dll
0x00007ff9d1160000 - 0x00007ff9d11cb000 	C:\Windows\System32\WS2_32.dll
0x00007ff9c6150000 - 0x00007ff9c615a000 	C:\Windows\SYSTEM32\VERSION.dll
0x00007ff9ccd90000 - 0x00007ff9ccda2000 	C:\Windows\SYSTEM32\kernel.appcore.dll
0x00007ff9cace0000 - 0x00007ff9cacea000 	C:\work\«¡∑Œ±◊∑•¿⁄∑·\eclipse\plugins\org.eclipse.justj.openjdk.hotspot.jre.full.win32.x86_64_15.0.2.v20210201-0955\jre\bin\jimage.dll
0x00007ff9c57c0000 - 0x00007ff9c59a4000 	C:\Windows\SYSTEM32\DBGHELP.DLL
0x00007ff9c1570000 - 0x00007ff9c159c000 	C:\Windows\SYSTEM32\dbgcore.DLL
0x00007ff9cf740000 - 0x00007ff9cf7c2000 	C:\Windows\System32\bcryptPrimitives.dll
0x00007ff9bdeb0000 - 0x00007ff9bdee9000 	C:\work\«¡∑Œ±◊∑•¿⁄∑·\eclipse\plugins\org.eclipse.justj.openjdk.hotspot.jre.full.win32.x86_64_15.0.2.v20210201-0955\jre\bin\jdwp.dll
0x00007ff9c86b0000 - 0x00007ff9c86be000 	C:\work\«¡∑Œ±◊∑•¿⁄∑·\eclipse\plugins\org.eclipse.justj.openjdk.hotspot.jre.full.win32.x86_64_15.0.2.v20210201-0955\jre\bin\instrument.dll
0x00007ff9c86e0000 - 0x00007ff9c8705000 	C:\work\«¡∑Œ±◊∑•¿⁄∑·\eclipse\plugins\org.eclipse.justj.openjdk.hotspot.jre.full.win32.x86_64_15.0.2.v20210201-0955\jre\bin\java.dll
0x00007ff9c8c40000 - 0x00007ff9c8c58000 	C:\work\«¡∑Œ±◊∑•¿⁄∑·\eclipse\plugins\org.eclipse.justj.openjdk.hotspot.jre.full.win32.x86_64_15.0.2.v20210201-0955\jre\bin\zip.dll
0x00007ff9d03e0000 - 0x00007ff9d0b24000 	C:\Windows\System32\SHELL32.dll
0x00007ff9ccfb0000 - 0x00007ff9cd744000 	C:\Windows\SYSTEM32\windows.storage.dll
0x00007ff9d1370000 - 0x00007ff9d16c4000 	C:\Windows\System32\combase.dll
0x00007ff9ce900000 - 0x00007ff9ce92c000 	C:\Windows\SYSTEM32\Wldp.dll
0x00007ff9cfcd0000 - 0x00007ff9cfd7d000 	C:\Windows\System32\SHCORE.dll
0x00007ff9d0f90000 - 0x00007ff9d0fe5000 	C:\Windows\System32\shlwapi.dll
0x00007ff9cedd0000 - 0x00007ff9cedef000 	C:\Windows\SYSTEM32\profapi.dll
0x00007ff9c85b0000 - 0x00007ff9c85bb000 	C:\work\«¡∑Œ±◊∑•¿⁄∑·\eclipse\plugins\org.eclipse.justj.openjdk.hotspot.jre.full.win32.x86_64_15.0.2.v20210201-0955\jre\bin\dt_socket.dll
0x00007ff9ce2e0000 - 0x00007ff9ce31b000 	C:\Windows\SYSTEM32\IPHLPAPI.DLL
0x00007ff9ce5d0000 - 0x00007ff9ce63a000 	C:\Windows\system32\mswsock.dll
0x00007ff9ce320000 - 0x00007ff9ce3eb000 	C:\Windows\SYSTEM32\DNSAPI.dll
0x00007ff9cfcc0000 - 0x00007ff9cfcc8000 	C:\Windows\System32\NSI.dll
0x00007ff9c6ee0000 - 0x00007ff9c6eea000 	C:\Windows\System32\rasadhlp.dll
0x00007ff9c6a50000 - 0x00007ff9c6acf000 	C:\Windows\System32\fwpuclnt.dll
0x00007ff9cf710000 - 0x00007ff9cf737000 	C:\Windows\System32\bcrypt.dll
0x00007ff9c86c0000 - 0x00007ff9c86d9000 	C:\work\«¡∑Œ±◊∑•¿⁄∑·\eclipse\plugins\org.eclipse.justj.openjdk.hotspot.jre.full.win32.x86_64_15.0.2.v20210201-0955\jre\bin\net.dll
0x00007ff9c9960000 - 0x00007ff9c9a6a000 	C:\Windows\SYSTEM32\WINHTTP.dll
0x00007ff9c8250000 - 0x00007ff9c8262000 	C:\work\«¡∑Œ±◊∑•¿⁄∑·\eclipse\plugins\org.eclipse.justj.openjdk.hotspot.jre.full.win32.x86_64_15.0.2.v20210201-0955\jre\bin\nio.dll
0x00007ff9c93f0000 - 0x00007ff9c9400000 	C:\work\«¡∑Œ±◊∑•¿⁄∑·\eclipse\plugins\org.eclipse.justj.openjdk.hotspot.jre.full.win32.x86_64_15.0.2.v20210201-0955\jre\bin\verify.dll

dbghelp: loaded successfully - version: 4.0.5 - missing functions: none
symbol engine: initialized successfully - sym options: 0x614 - pdb path: .;C:\work\«¡∑Œ±◊∑•¿⁄∑·\eclipse\plugins\org.eclipse.justj.openjdk.hotspot.jre.full.win32.x86_64_15.0.2.v20210201-0955\jre\bin;C:\Windows\SYSTEM32;C:\Windows\WinSxS\amd64_microsoft.windows.common-controls_6595b64144ccf1df_6.0.19041.1110_none_60b5254171f9507e;C:\work\«¡∑Œ±◊∑•¿⁄∑·\eclipse\plugins\org.eclipse.justj.openjdk.hotspot.jre.full.win32.x86_64_15.0.2.v20210201-0955\jr;C:\work\«¡∑Œ±◊∑•¿⁄∑·\eclipse\plugins\org.eclipse.justj.openjdk.hotspot.jre.full.win32.x86_64_15.0.2.v20210201-0;C:\work\«¡∑Œ±◊∑•¿⁄∑·\eclipse\plugins\org.eclipse.justj.openjdk.hotspot.jre.full.win32.x86_64_15.0.2.v2021;C:\work\«¡∑Œ±◊∑•¿⁄∑·\eclipse\plugins\org.eclipse.justj.openjdk.hotspot.jre.full.win32.x86_64_15.0.2;C:\work\«¡∑Œ±◊∑•¿⁄∑·\eclipse\plugins\org.eclipse.justj.openjdk.hotspot.jre.full.win32.x86_64_;C:\work\«¡∑Œ±◊∑•¿⁄∑·\eclipse\plugins\org.eclipse.justj.openjdk.hotspot.jre.full.win32.x;C:\work\«¡∑Œ±◊∑•¿⁄∑·\eclipse\plugins\org.eclipse.justj.openjdk.hotspot.jre.full.w

VM Arguments:
jvm_args: -XX:+ShowCodeDetailsInExceptionMessages -agentlib:jdwp=transport=dt_socket,suspend=y,address=localhost:65496 -javaagent:C:\work\«¡∑Œ±◊∑•¿⁄∑·\eclipse\configuration\org.eclipse.osgi\412\0\.cp\lib\javaagent-shaded.jar -Dfile.encoding=MS949 
java_command: mymain._016_2018_ºˆµÈ¿««’5
java_class_path (initial): C:\Users\NYYO_O\NYYO_O\πÈ¡ÿƒ⁄µÂæ˜\bin
Launcher Type: SUN_STANDARD

[Global flags]
     intx CICompilerCount                          = 12                                        {product} {ergonomic}
     uint ConcGCThreads                            = 3                                         {product} {ergonomic}
     uint G1ConcRefinementThreads                  = 13                                        {product} {ergonomic}
   size_t G1HeapRegionSize                         = 2097152                                   {product} {ergonomic}
    uintx GCDrainStackTargetSize                   = 64                                        {product} {ergonomic}
   size_t InitialHeapSize                          = 257949696                                 {product} {ergonomic}
   size_t MarkStackSize                            = 4194304                                   {product} {ergonomic}
   size_t MaxHeapSize                              = 4125097984                                {product} {ergonomic}
   size_t MaxNewSize                               = 2474639360                                {product} {ergonomic}
   size_t MinHeapDeltaBytes                        = 2097152                                   {product} {ergonomic}
   size_t MinHeapSize                              = 8388608                                   {product} {ergonomic}
    uintx NonNMethodCodeHeapSize                   = 7602480                                {pd product} {ergonomic}
    uintx NonProfiledCodeHeapSize                  = 122027880                              {pd product} {ergonomic}
    uintx ProfiledCodeHeapSize                     = 122027880                              {pd product} {ergonomic}
    uintx ReservedCodeCacheSize                    = 251658240                              {pd product} {ergonomic}
     bool SegmentedCodeCache                       = true                                      {product} {ergonomic}
     bool ShowCodeDetailsInExceptionMessages       = true                                   {manageable} {command line}
   size_t SoftMaxHeapSize                          = 4125097984                             {manageable} {ergonomic}
     bool UseCompressedClassPointers               = true                                 {lp64_product} {ergonomic}
     bool UseCompressedOops                        = true                                 {lp64_product} {ergonomic}
     bool UseG1GC                                  = true                                      {product} {ergonomic}
     bool UseLargePagesIndividualAllocation        = false                                  {pd product} {ergonomic}

Logging:
Log output configuration:
 #0: stdout all=warning uptime,level,tags
 #1: stderr all=off uptime,level,tags

Environment Variables:
JAVA_HOME=C:\Program Files\Java\jdk1.8.0_321
CLASSPATH=.
PATH=C:\work\«¡∑Œ±◊∑•¿⁄∑·\eclipse\plugins\org.eclipse.justj.openjdk.hotspot.jre.full.win32.x86_64_15.0.2.v20210201-0955\jre\bin;C:/work/«¡∑Œ±◊∑•¿⁄∑·/eclipse//plugins/org.eclipse.justj.openjdk.hotspot.jre.full.win32.x86_64_15.0.2.v20210201-0955/jre/bin/server;C:/work/«¡∑Œ±◊∑•¿⁄∑·/eclipse//plugins/org.eclipse.justj.openjdk.hotspot.jre.full.win32.x86_64_15.0.2.v20210201-0955/jre/bin;C:\oraclexe\app\oracle\product\10.2.0\server\bin;C:\Program Files (x86)\Common Files\Oracle\Java\javapath;C:\Windows\system32;C:\Windows;C:\Windows\System32\Wbem;C:\Windows\System32\WindowsPowerShell\v1.0\;C:\Windows\System32\OpenSSH\;C:\Program Files\Bandizip\;C:\Program Files\Git\cmd;C:\Users\NYYO_O\AppData\Local\Microsoft\WindowsApps;C:\Program Files\Java\jdk1.8.0_321\bin;;C:\Windows\System32;
USERNAME=NYYO_O
OS=Windows_NT
PROCESSOR_IDENTIFIER=AMD64 Family 23 Model 104 Stepping 1, AuthenticAMD



---------------  S Y S T E M  ---------------

OS:
 Windows 10 , 64 bit Build 19041 (10.0.19041.1645)
OS uptime: 17 days 6:26 hours

CPU: total 16 (initial active 16) (16 cores per cpu, 2 threads per core) family 23 model 104 stepping 1 microcode 0x0, cmov, cx8, fxsr, mmx, sse, sse2, sse3, ssse3, sse4.1, sse4.2, popcnt, vzeroupper, avx, avx2, aes, clmul, 3dnowpref, lzcnt, sse4a, ht, tsc, tscinvbit, tscinv, bmi1, bmi2, adx, sha, fma, clflush, clflushopt

Memory: 4k page, system-wide physical 15733M (6765M free)
TotalPageFile size 18677M (AvailPageFile size 4897M)
current process WorkingSet (physical memory assigned to process): 47M, peak: 49M
current process commit charge ("private bytes"): 344M, peak: 347M

vm_info: OpenJDK 64-Bit Server VM (15.0.2+7-27) for windows-amd64 JRE (15.0.2+7-27), built on Dec  7 2020 20:02:38 by "mach5one" with unknown MS VC++:1925

END.
